0021	OK
0022	OK
0023	OK
0024	OK
0025	OK
0026	OK
0028	OK
0029	OK
0030	OK
0031	OK
0032	OK
0033	OK
0034	OK
0035	OK
0036	OK
0037	OK
0038	OK
0039	OK
0040	OK
0041	OK
0042	OK
0043	OK
0044	OK
0045	OK
0046	OK
0047	OK
0048	OK
0049	OK
0050	OK
0051	OK
0052	OK
0053	OK
0054	OK
0055	OK
0056	OK
0057	OK
0058	OK
0059	OK
0060	OK
0061	OK
0062	OK
0063	OK
0064	OK
0065	OK
0066	OK
0067	OK
0068	OK
0069	OK
0070	OK
0071	OK
0021	OK
0022	OK
0023	OK
0024	OK
0025	OK
0026	OK
0028	OK
0029	OK
0030	OK
0031	OK
0032	OK
0033	OK
0034	OK
0035	OK
0036	OK
0037	OK
0038	OK
0039	OK
0040	OK
0041	OK
0021	OK
0022	OK
0023	OK
0024	OK
0025	OK
0026	OK
0028	OK
0029	OK
0030	OK
0031	OK
0032	OK
0033	OK
0034	OK
0035	OK
0036	OK
0037	OK
0038	OK
0039	OK
0040	OK
0041	OK
0042	OK
0043	OK
0044	OK
0045	OK
0046	OK
0047	OK
0048	OK
0049	OK
0050	OK
0051	OK
0052	OK
0053	OK
0054	OK
0055	OK
0056	OK
0057	OK
0058	OK
0059	OK
0060	OK
0061	OK
0062	OK
0063	OK
0064	OK
0065	OK
0066	OK
0067	OK
0068	OK
0069	OK
0070	OK
0071	OK
0072	OK
0073	OK
0074	OK
0075	OK
0076	OK
0077	OK
0078	OK
0079	OK
0080	OK
0081	OK
0082	OK
0083	OK
0084	OK
0085	OK
0086	OK
0087	OK
0088	OK
0089	OK
0090	OK
0091	OK
0092	OK
0093	OK
0094	OK
0095	OK
0096	OK
0097	OK
0098	OK
0099	OK
0100	OK
0101	OK
0102	OK
0103	OK
0104	OK
0105	OK
0106	OK
0107	OK
0108	OK
0109	OK
0110	OK
0111	OK
0112	OK
0113	OK
0114	OK
0115	OK
0116	OK
0117	OK
0118	OK
0119	OK
0120	OK
0121	OK
0122	OK
0123	OK
0124	OK
0125	OK
0126	OK
0127	OK
0128	OK
0129	OK
0130	OK
0131	OK
0132	OK
0133	OK
0134	OK
0135	OK
0136	OK
0137	OK
0138	OK
0139	OK
0140	OK
0141	OK
0142	OK
0143	OK
0144	OK
0145	OK
0146	OK
0147	OK
0148	OK
0149	OK
0150	OK
0151	OK
0152	OK
0153	OK
0154	OK
0155	OK
0156	OK
0157	OK
0158	OK
0159	OK
0160	OK
0161	OK
0162	OK
0163	OK
0164	OK
0165	OK
0166	OK
0167	OK
0168	OK
0169	OK
0170	OK
0171	OK
0172	OK
0173	OK
0174	OK
0175	OK
0176	OK
0177	OK
0178	OK
0179	OK
0180	OK
0181	OK
0182	OK
0183	OK
0184	OK
0185	OK
0186	OK
0187	OK
0188	OK
0189	OK
0190	OK
0191	OK
0192	OK
0193	OK
0194	OK
0195	OK
0196	OK
0197	OK
0198	OK
0199	OK
0200	OK
0201	OK
0202	OK
0203	OK
0204	OK
0205	OK
0206	OK
0207	OK
0208	OK
0209	OK
0210	OK
0211	OK
0212	OK
0213	OK
0214	OK
0215	OK
0216	OK
0217	OK
0218	OK
0219	OK
0220	OK
0221	OK
0222	OK
0223	OK
0224	OK
0225	OK
0226	OK
0227	OK
0228	OK
0229	OK
0230	OK
0231	OK
0232	OK
0233	OK
0234	OK
0235	OK
0236	OK
0237	OK
0238	OK
0239	OK
0240	OK
0241	OK
0242	OK
0243	OK
0244	OK
0245	OK
0246	OK
0247	OK
0248	OK
0249	OK
0250	OK
0251	OK
0252	OK
0253	OK
0254	OK
0255	OK
0256	OK
0257	OK
0258	OK
0259	OK
0260	OK
0261	OK
0262	OK
0263	OK
0264	OK
0265	OK
0266	OK
0267	OK
0268	OK
0269	OK
0270	OK
0271	OK
0272	OK
0273	OK
0274	OK
0275	OK
0276	OK
0277	OK
0278	OK
0279	OK
0280	OK
0281	OK
0282	OK
0283	OK
0284	OK
0285	OK
0286	OK
0287	OK
0288	OK
0289	OK
0290	OK
0291	OK
0292	OK
0293	OK
0294	OK
0295	OK
0296	OK
0297	OK
0298	OK
0299	OK
0300	OK
0301	OK
0302	OK
0303	OK
0304	OK
0305	OK
0306	OK
0307	OK
0308	OK
0309	OK
0310	OK
0311	OK
0312	OK
0313	OK
0314	OK
0315	OK
0316	OK
0317	OK
0318	OK
0319	OK
0320	OK
0321	OK
0322	OK
0323	OK
0324	OK
0325	OK
0326	OK
0327	OK
0328	OK
0329	OK
0330	OK
0331	OK
0332	OK
0333	OK
0334	OK
0335	OK
0336	OK
0337	OK
0338	OK
0339	OK
0340	OK
0341	OK
0342	OK
0343	OK
0344	OK
0345	OK
0346	OK
0347	OK
0348	OK
0349	OK
0350	OK
0351	OK
0352	OK
0353	OK
0354	OK
0355	OK
0356	OK
0357	OK
0358	OK
0359	OK
0360	OK
0361	OK
0362	OK
0363	OK
0364	OK
0365	OK
0366	OK
0367	OK
0368	OK
0369	OK
0370	OK
0371	OK
0372	OK
0373	OK
0374	OK
0375	OK
0376	OK
0377	OK
0378	OK
0379	OK
0380	OK
0381	OK
0382	OK
0383	OK
0384	OK
0385	OK
0386	OK
0387	OK
0388	OK
0389	OK
0390	OK
0391	OK
0392	OK
0393	OK
0394	OK
0395	OK
0396	OK
0397	OK
0398	OK
0399	OK
0400	OK
0401	OK
0402	OK
0403	OK
0404	OK
0405	OK
0406	OK
0407	OK
0408	OK
0409	OK
0410	OK
0411	OK
0412	OK
0413	OK
0414	OK
0415	OK
0416	OK
0417	OK
0418	OK
0419	OK
0420	OK
0421	OK
0422	OK
0423	OK
0424	OK
0425	OK
0426	OK
0427	OK
0428	OK
0429	OK
0430	OK
0431	OK
0432	OK
0433	OK
0434	OK
0435	OK
0436	OK
0437	OK
0438	OK
0439	OK
0440	OK
0441	OK
0442	OK
0443	OK
0444	OK
0445	OK
0446	OK
0447	OK
0448	OK
0449	OK
0450	OK
0451	OK
0452	OK
0453	OK
0454	OK
0455	OK
0456	OK
0457	OK
0458	OK
0459	OK
0460	OK
0461	OK
0462	OK
0463	OK
0464	OK
0465	OK
0466	OK
0467	OK
0468	OK
0469	OK
0470	OK
0471	OK
0472	OK
0473	OK
0474	OK
0475	OK
0476	OK
0477	OK
0478	OK
0479	OK
0480	OK
0481	OK
0482	OK
0483	OK
0484	OK
0485	OK
0486	OK
0487	OK
0488	OK
0489	OK
0490	OK
0491	OK
0492	OK
0493	OK
0494	OK
0495	OK
0496	OK
0497	OK
0498	OK
0499	OK
0500	OK
0501	OK
0502	OK
0503	OK
0504	OK
0505	OK
0506	OK
0507	OK
0508	OK
0509	OK
0510	OK
0511	OK
0512	OK
0513	OK
0514	OK
0515	OK
0516	OK
0517	OK
0518	OK
0519	OK
0520	OK
0521	OK
0522	OK
0523	OK
0524	OK
0525	OK
0526	OK
0527	OK
0528	OK
0529	OK
0530	OK
0531	OK
0532	OK
0533	OK
0534	OK
0535	OK
0536	OK
0537	OK
0538	OK
0539	OK
0540	OK
0541	OK
0542	OK
0543	OK
0544	OK
0545	OK
0546	OK
0547	OK
0548	OK
0549	OK
0550	OK
0551	OK
0552	OK
0553	OK
0554	OK
0555	OK
0556	OK
0557	OK
0558	OK
0559	OK
0560	OK
0561	OK
0562	OK
0563	OK
0564	OK
0565	OK
0566	OK
0567	OK
0568	OK
0569	OK
0570	OK
0571	OK
0572	OK
0573	OK
0574	OK
0575	OK
0576	OK
0577	OK
0578	OK
0579	OK
0580	OK
0581	OK
0582	OK
0583	OK
0584	OK
0585	OK
0586	OK
0587	OK
0588	OK
0589	OK
0590	OK
0591	OK
0592	OK
0593	OK
0594	OK
0595	OK
0596	OK
0597	OK
0598	OK
0599	OK
0600	OK
0601	OK
0602	OK
0603	OK
0604	OK
0605	OK
0606	OK
0607	OK
0608	OK
0609	OK
0610	OK
0611	OK
0612	OK
0613	OK
0614	OK
0615	OK
0616	OK
0617	OK
0618	OK
0619	OK
0620	OK
0621	OK
0622	OK
0623	OK
0624	OK
0625	OK
0626	OK
0627	OK
0628	OK
0629	OK
0630	OK
0631	OK
0632	OK
0633	OK
0634	OK
0635	OK
0636	OK
0637	OK
0638	OK
0639	OK
0640	OK
0641	OK
0642	OK
0643	OK
0644	OK
0645	OK
0646	OK
0647	OK
0648	OK
0649	OK
0650	OK
0651	OK
0652	OK
0653	OK
0654	OK
0655	OK
0656	OK
0657	OK
0658	OK
0659	OK
0660	OK
0661	OK
0662	OK
0663	OK
0664	OK
0665	OK
0666	OK
0667	OK
0668	OK
0669	OK
0670	OK
0671	OK
0672	OK
0673	OK
0674	OK
0675	OK
0676	OK
0677	OK
0678	OK
0679	OK
0680	OK
0681	OK
0682	OK
0683	OK
0684	OK
0685	OK
0686	OK
0687	OK
0688	OK
0689	OK
0690	OK
0691	OK
0692	OK
0693	OK
0694	OK
0695	OK
0696	OK
0697	OK
0698	OK
0699	OK
0700	OK
0701	OK
0702	OK
0703	OK
0704	OK
0705	OK
0706	OK
0707	OK
0708	OK
0709	OK
0710	OK
0711	OK
0712	OK
0713	OK
0714	OK
0715	OK
0716	OK
0717	OK
0718	OK
0719	OK
0720	OK
0721	OK
0722	OK
0723	OK
0724	OK
0725	OK
0726	OK
0727	OK
0728	OK
0729	OK
0730	OK
0731	OK
0732	OK
0733	OK
0734	OK
0735	OK
0736	OK
0737	OK
0738	OK
0739	OK
0740	OK
0741	OK
0742	OK
0743	OK
0744	OK
0745	OK
0746	OK
0747	OK
0748	OK
0749	OK
0750	OK
0751	OK
0752	OK
0753	OK
0754	OK
0755	OK
0756	OK
0757	OK
0758	OK
0759	OK
0760	OK
0761	OK
0762	OK
0763	OK
0764	OK
0765	OK
0766	OK
0767	OK
0768	OK
0769	OK
0770	OK
0771	OK
0772	OK
0773	OK
0774	OK
0775	OK
0776	OK
0777	OK
0778	OK
0779	OK
0780	OK
0781	OK
0782	OK
0783	OK
0784	OK
0785	OK
0786	OK
0787	OK
0788	OK
0789	OK
0790	OK
0791	OK
0792	OK
0793	OK
0794	OK
0795	OK
0796	OK
0797	OK
0798	OK
0799	OK
0800	OK
0801	OK
0802	OK
0803	OK
0804	OK
0805	OK
0806	OK
0807	OK
0808	OK
0809	OK
0810	OK
0811	OK
0812	OK
0813	OK
0814	OK
0815	OK
0816	OK
0817	OK
0818	OK
0819	OK
0820	OK
0821	OK
0822	OK
0823	OK
0824	OK
0825	OK
0826	OK
0827	OK
0828	OK
0829	OK
0830	OK
0831	OK
0832	OK
0833	OK
0834	OK
0835	OK
0836	OK
0837	OK
0838	OK
0839	OK
0840	OK
0841	OK
0842	OK
0843	OK
0844	OK
0845	OK
0846	OK
0847	OK
0848	OK
0849	OK
0850	OK
0851	OK
0852	OK
0853	OK
0854	OK
0855	OK
0856	OK
0857	OK
0858	OK
0859	OK
0860	OK
0861	OK
0862	OK
0863	OK
0864	OK
0865	OK
0866	OK
0867	OK
0868	OK
0869	OK
0870	OK
0871	OK
0872	OK
0873	OK
0874	OK
0875	OK
0876	OK
0877	OK
0878	OK
0879	OK
0880	OK
0881	OK
0882	OK
0883	OK
0884	OK
0885	OK
0886	OK
0887	OK
0888	OK
0889	OK
0890	OK
0891	OK
0892	OK
0893	OK
0894	OK
0895	OK
0896	OK
0897	OK
0898	OK
0899	OK
0900	OK
0901	OK
0902	OK
0903	OK
0904	OK
0905	OK
0906	OK
0907	OK
0908	OK
0909	OK
0910	OK
0911	OK
0912	OK
0913	OK
0914	OK
0915	OK
0916	OK
0917	OK
0918	OK
0919	OK
0920	OK
0921	OK
0922	OK
0923	OK
0924	OK
0925	OK
0926	OK
0927	OK
0928	OK
0929	OK
0930	OK
0931	OK
0932	OK
0933	OK
0934	OK
0935	OK
0936	OK
0937	OK
0938	OK
0939	OK
0940	OK
0941	OK
0942	OK
0943	OK
0944	OK
0945	OK
0946	OK
0947	OK
0948	OK
0949	OK
0950	OK
0951	OK
0952	OK
0953	OK
0954	OK
0955	OK
0956	OK
0957	OK
0958	OK
0959	OK
0960	OK
0961	OK
0962	OK
0963	OK
0964	OK
0965	OK
0966	OK
0967	OK
0968	OK
0969	OK
0970	OK
0971	OK
0972	OK
0973	OK
0974	OK
0975	OK
0976	OK
0977	OK
0978	OK
0979	OK
0980	OK
0981	OK
0982	OK
0983	OK
0984	OK
0985	OK
0986	OK
0987	OK
0988	OK
0989	OK
0990	OK
0991	OK
0992	OK
0993	OK
0994	OK
0995	OK
0996	OK
0997	OK
0998	OK
0999	OK
1000	OK
1001	OK
1002	OK
1003	OK
1004	OK
1005	OK
1006	OK
1007	OK
1008	OK
1009	OK
1010	OK
1011	OK
1012	OK
1013	OK
1014	OK
1015	OK
1016	OK
1017	OK
1018	OK
1019	OK
1020	OK
1021	OK
1022	OK
1023	OK
1024	OK
1025	OK
1026	OK
1027	OK
1028	OK
1029	OK
1030	OK
1031	OK
1032	OK
1033	OK
1034	OK
1035	OK
1036	OK
1037	OK
1038	OK
1039	OK
1040	OK
1041	OK
1042	OK
1043	OK
1044	OK
1045	OK
1046	OK
1047	OK
1048	OK
1049	OK
1050	OK
1051	OK
1052	OK
1053	OK
1054	OK
1055	OK
1056	OK
1057	OK
1058	OK
1059	OK
1060	OK
1061	OK
1062	OK
1063	OK
1064	OK
1065	OK
1066	OK
1067	OK
1068	OK
1069	OK
1070	OK
1071	OK
1072	OK
1073	OK
1074	OK
1075	OK
1076	OK
1077	OK
1078	OK
1079	OK
1080	OK
1081	OK
1082	OK
1083	OK
1084	OK
1085	OK
1086	OK
1087	OK
1088	OK
1089	OK
1090	OK
1091	OK
1092	OK
1093	OK
1094	OK
1095	OK
1096	OK
1097	OK
1098	OK
1099	OK
1100	OK
1101	OK
1102	OK
1103	OK
1104	OK
1105	OK
1106	OK
1107	OK
1108	OK
1109	OK
1110	OK
1111	OK
1112	OK
1113	OK
1114	OK
1115	OK
1116	OK
1117	OK
1118	OK
1119	OK
1120	OK
1121	OK
1122	OK
1123	OK
1124	OK
1125	OK
1126	OK
1127	OK
1128	OK
1129	OK
1130	OK
1131	OK
1132	OK
1133	OK
1134	OK
1135	OK
1136	OK
1137	OK
1138	OK
1139	OK
1140	OK
1141	OK
1142	OK
1143	OK
1144	OK
1145	OK
1146	OK
1147	OK
1148	OK
1149	OK
1150	OK
1151	OK
1152	OK
1153	OK
1154	OK
1155	OK
1156	OK
1157	OK
1158	OK
1159	OK
1160	OK
1161	OK
1162	OK
1163	OK
1164	OK
1165	OK
1166	OK
1167	OK
1168	OK
1169	OK
1170	OK
1171	OK
1172	OK
1173	OK
1174	OK
1175	OK
1176	OK
1177	OK
1178	OK
1179	OK
1180	OK
1181	OK
1182	OK
1183	OK
1184	OK
1185	OK
1186	OK
1187	OK
1188	OK
1189	OK
1190	OK
1191	OK
1192	OK
1193	OK
1194	OK
1195	OK
1196	OK
1197	OK
1198	OK
1199	OK
1200	OK
1201	OK
1202	OK
1203	OK
1204	OK
1205	OK
1206	OK
1207	OK
1208	OK
1209	OK
1210	OK
1211	OK
1212	OK
1213	OK
1214	OK
1215	OK
1216	OK
1217	OK
1218	OK
1219	OK
1220	OK
1221	OK
1222	OK
1223	OK
1224	OK
1225	OK
1226	OK
1227	OK
1228	OK
1229	OK
1230	OK
1231	OK
1232	OK
1233	OK
1234	OK
1235	OK
1236	OK
1237	OK
1238	OK
1239	OK
1240	OK
1241	OK
1242	OK
1243	OK
1244	OK
1245	OK
1246	OK
1247	OK
1248	OK
1249	OK
1250	OK
1251	OK
1252	OK
1253	OK
1254	OK
1255	OK
1256	OK
1257	OK
1258	OK
1259	OK
1260	OK
1261	OK
1262	OK
1263	OK
1264	OK
1265	OK
1266	OK
1267	OK
1268	OK
1269	OK
1270	OK
1271	OK
1272	OK
1273	OK
1274	OK
1275	OK
1276	OK
1277	OK
1278	OK
1279	OK
1280	OK
1281	OK
1282	OK
1283	OK
1284	OK
1285	OK
1286	OK
1287	OK
1288	OK
1289	OK
1290	OK
1291	OK
1292	OK
1293	OK
1294	OK
1295	OK
1296	OK
1297	OK
1298	OK
1299	OK
1300	OK
1301	OK
1302	OK
1303	OK
1304	OK
1305	OK
1306	OK
1307	OK
1308	OK
1309	OK
1310	OK
1311	OK
1312	OK
1313	OK
1314	OK
1315	OK
1316	OK
1317	OK
1318	OK
1319	OK
1320	OK
1321	OK
1322	OK
1323	OK
1324	OK
1325	OK
1326	OK
1327	OK
1328	OK
1329	OK
1330	OK
1331	OK
1332	OK
1333	OK
1334	OK
1335	OK
1336	OK
1337	OK
1338	OK
1339	OK
1340	OK
1341	OK
1342	OK
1343	OK
1344	OK
1345	OK
1346	OK
1347	OK
1348	OK
1349	OK
1350	OK
1351	OK
1352	OK
1353	OK
1354	OK
1355	OK
1356	OK
1357	OK
1358	OK
1359	OK
1360	OK
1361	OK
1362	OK
1363	OK
1364	OK
1365	OK
1366	OK
1367	OK
1368	OK
1369	OK
1370	OK
1371	OK
1372	OK
1373	OK
1374	OK
1375	OK
1376	OK
1377	OK
1378	OK
1379	OK
1380	OK
1381	OK
1382	OK
1383	OK
1384	OK
1385	OK
1386	OK
1387	OK
1388	OK
1389	OK
1390	OK
1391	OK
1392	OK
1393	OK
1394	OK
1395	OK
1396	OK
1397	OK
1398	OK
1399	OK
1400	OK
1401	OK
1402	OK
1403	OK
1404	OK
1405	OK
1406	OK
1407	OK
1408	OK
1409	OK
1410	OK
1411	OK
1412	OK
1413	OK
1414	OK
1415	OK
1416	OK
1417	OK
1418	OK
1419	OK
1420	OK
1421	OK
1422	OK
1423	OK
1424	OK
1425	OK
1426	OK
1427	OK
1428	OK
1429	OK
1430	OK
1431	OK
1432	OK
1433	OK
1434	OK
1435	OK
1436	OK
1437	OK
1438	OK
1439	OK
1440	OK
1441	OK
1442	OK
1443	OK
1444	OK
1445	OK
1446	OK
1447	OK
1448	OK
1449	OK
1450	OK
1451	OK
1452	OK
1453	OK
1454	OK
1455	OK
1456	OK
1457	OK
1458	OK
1459	OK
1460	OK
1461	OK
1462	OK
1463	OK
1464	OK
1465	OK
1466	OK
1467	OK
1468	OK
1469	OK
1470	OK
1471	OK
1472	OK
1473	OK
1474	OK
1475	OK
1476	OK
1477	OK
1478	OK
1479	OK
1480	OK
1481	OK
1482	OK
1483	OK
1484	OK
1485	OK
1486	OK
1487	OK
1488	OK
1489	OK
1490	OK
1491	OK
1492	OK
1493	OK
1494	OK
1495	OK
1496	OK
1497	OK
1498	OK
1499	OK
1500	OK
1501	OK
1502	OK
1503	OK
1504	OK
1505	OK
1506	OK
1507	OK
1508	OK
1509	OK
1510	OK
1511	OK
1512	OK
1513	OK
1514	OK
1515	OK
1516	OK
1517	OK
1518	OK
1519	OK
1520	OK
1521	OK
1522	OK
1523	OK
1524	OK
1525	OK
1526	OK
1527	OK
1528	OK
1529	OK
1530	OK
1531	OK
1532	OK
1533	OK
1534	OK
1535	OK
1536	OK
1537	OK
1538	OK
1539	OK
1540	OK
1541	OK
1542	OK
1543	OK
1544	OK
1545	OK
1546	OK
1547	OK
1548	OK
1549	OK
1550	OK
1551	OK
1552	OK
1553	OK
1554	OK
1555	OK
1556	OK
1557	OK
1558	OK
1559	OK
1560	OK
1561	OK
1562	OK
1563	OK
1564	OK
1565	OK
1566	OK
1567	OK
1568	OK
1569	OK
1570	OK
1571	OK
1572	OK
1573	OK
1574	OK
1575	OK
1576	OK
1577	OK
1578	OK
1579	OK
1580	OK
1581	OK
1582	OK
1583	OK
1584	OK
1585	OK
1586	OK
1587	OK
1588	OK
1589	OK
1590	OK
1591	OK
1592	OK
1593	OK
1594	OK
1595	OK
1596	OK
1597	OK
1598	OK
1599	OK
1600	OK
1601	OK
1602	OK
1603	OK
1604	OK
1605	OK
1606	OK
1607	OK
1608	OK
1609	OK
1610	OK
1611	OK
1612	OK
1613	OK
1614	OK
1615	OK
1616	OK
1617	OK
1618	OK
1619	OK
1620	OK
1621	OK
1622	OK
1623	OK
1624	OK
1625	OK
1626	OK
1627	OK
1628	OK
1629	OK
1630	OK
1631	OK
1632	OK
1633	OK
1634	OK
1635	OK
1636	OK
1637	OK
1638	OK
1639	OK
1640	OK
1641	OK
1642	OK
1643	OK
1644	OK
1645	OK
1646	OK
1647	OK
1648	OK
1649	OK
1650	OK
1651	OK
1652	OK
1653	OK
1654	OK
1655	OK
1656	OK
1657	OK
1658	OK
1659	OK
1660	OK
1661	OK
1662	OK
1663	OK
1664	OK
1665	OK
1666	OK
1667	OK
1668	OK
1669	OK
1670	OK
1671	OK
1672	OK
1673	OK
1674	OK
1675	OK
1676	OK
1677	OK
1678	OK
1679	OK
1680	OK
1681	OK
1682	OK
1683	OK
1684	OK
1685	OK
1686	OK
1687	OK
1688	OK
1689	OK
1690	OK
1691	OK
1692	OK
1693	OK
1694	OK
1695	OK
1696	OK
1697	OK
1698	OK
1699	OK
1700	OK
1701	OK
1702	OK
1703	OK
1704	OK
1705	OK
1706	OK
1707	OK
1708	OK
1709	OK
1710	OK
1711	OK
1712	OK
1713	OK
1714	OK
1715	OK
1716	OK
1717	OK
1718	OK
1719	OK
1720	OK
1721	OK
1722	OK
1723	OK
1724	OK
1725	OK
1726	OK
1727	OK
1728	OK
1729	OK
1730	OK
1731	OK
1732	OK
1733	OK
1734	OK
1735	OK
1736	OK
1737	OK
1738	OK
1739	OK
1740	OK
1741	OK
1742	OK
1743	OK
1744	OK
1745	OK
1746	OK
1747	OK
1748	OK
1749	OK
1750	OK
1751	OK
1752	OK
1753	OK
1754	OK
1755	OK
1756	OK
1757	OK
1758	OK
1759	OK
1760	OK
1761	OK
1762	OK
1763	OK
1764	OK
1765	OK
1766	OK
1767	OK
1768	OK
1769	OK
1770	OK
1771	OK
1772	OK
1773	OK
1774	OK
1775	OK
1776	OK
1777	OK
1778	OK
1779	OK
1780	OK
1781	OK
1782	OK
1783	OK
1784	OK
1785	OK
1786	OK
1787	OK
1788	OK
1789	OK
1790	OK
1791	OK
1792	OK
1793	OK
1794	OK
1795	OK
1796	OK
1797	OK
1798	OK
1799	OK
1800	OK
1801	OK
1802	OK
1803	OK
1804	OK
1805	OK
1806	OK
1807	OK
1808	OK
1809	OK
1810	OK
1811	OK
1812	OK
1813	OK
1814	OK
1815	OK
1816	OK
1817	OK
1818	OK
1819	OK
1820	OK
1821	OK
1822	OK
1823	OK
1824	OK
1825	OK
1826	OK
1827	OK
1828	OK
1829	OK
1830	OK
1831	OK
1832	OK
1833	OK
1834	OK
1835	OK
1836	OK
1837	OK
1838	OK
1839	OK
1840	OK
1841	OK
1842	OK
1843	OK
1844	OK
1845	OK
1846	OK
1847	OK
1848	OK
1849	OK
1850	OK
1851	OK
1852	OK
1853	OK
1854	OK
1855	OK
1856	OK
1857	OK
1858	OK
1859	OK
1860	OK
1861	OK
1862	OK
1863	OK
1864	OK
1865	OK
1866	OK
1867	OK
1868	OK
1869	OK
1870	OK
1871	OK
1872	OK
1873	OK
1874	OK
1875	OK
1876	OK
1877	OK
1878	OK
1879	OK
1880	OK
1881	OK
1882	OK
1883	OK
1884	OK
1885	OK
1886	OK
1887	OK
1888	OK
1889	OK
1890	OK
1891	OK
1892	OK
1893	OK
1894	OK
1895	OK
1896	OK
1897	OK
1898	OK
1899	OK
1900	OK
1901	OK
1902	OK
1903	OK
1904	OK
1905	OK
1906	OK
1907	OK
1908	OK
1909	OK
1910	OK
1911	OK
1912	OK
1913	OK
1914	OK
1915	OK
1916	OK
1917	OK
1918	OK
1919	OK
1920	OK
1921	OK
1922	OK
1923	OK
1924	OK
1925	OK
1926	OK
1927	OK
1928	OK
1929	OK
1930	OK
1931	OK
1932	OK
1933	OK
1934	OK
1935	OK
1936	OK
1937	OK
1938	OK
1939	OK
1940	OK
1941	OK
1942	OK
1943	OK
1944	OK
1945	OK
1946	OK
1947	OK
1948	OK
1949	OK
1950	OK
1951	OK
1952	OK
1953	OK
1954	OK
1955	OK
1956	OK
1957	OK
1958	OK
1959	OK
1960	OK
1961	OK
1962	OK
1963	OK
1964	OK
1965	OK
1966	OK
1967	OK
1968	OK
1969	OK
1970	OK
1971	OK
1972	OK
1973	OK
1974	OK
1975	OK
1976	OK
1977	OK
1978	OK
1979	OK
1980	OK
1981	OK
1982	OK
1983	OK
1984	OK
1985	OK
1986	OK
1987	OK
1988	OK
1989	OK
1990	OK
1991	OK
1992	OK
1993	OK
1994	OK
1995	OK
1996	OK
1997	OK
1998	OK
1999	OK
2000	OK
2001	OK
2002	OK
2003	OK
2004	OK
2005	OK
2006	OK
2007	OK
2008	OK
2009	OK
2010	OK
2011	OK
2012	OK
2013	OK
2014	OK
2015	OK
2016	OK
2017	OK
2018	OK
2019	OK
2020	OK
2021	OK
2022	OK
2023	OK
2024	OK
2025	OK
2026	OK
2027	OK
2028	OK
2029	OK
2030	OK
2031	OK
2032	OK
2033	OK
2034	OK
2035	OK
2036	OK
2037	OK
2038	OK
2039	OK
2040	OK
2041	OK
2042	OK
2043	OK
2044	OK
2045	OK
2046	OK
2047	OK
2048	OK
2049	OK
2050	OK
2051	OK
2052	OK
2053	OK
2054	OK
2055	OK
2056	OK
2057	OK
2058	OK
2059	OK
2060	OK
2061	OK
2062	OK
2063	OK
2064	OK
2065	OK
2066	OK
2067	OK
2068	OK
2069	OK
2070	OK
2071	OK
2072	OK
2073	OK
2074	OK
2075	OK
2076	OK
2077	OK
2078	OK
2079	OK
2080	OK
2081	OK
2082	OK
2083	OK
2084	OK
2085	OK
2086	OK
2087	OK
2088	OK
2089	OK
2090	OK
2091	OK
2092	OK
2093	OK
2094	OK
2095	OK
2096	OK
2097	OK
2098	OK
2099	OK
2100	OK
2101	OK
2102	OK
2103	OK
2104	OK
2105	OK
2106	OK
2107	OK
2108	OK
2109	OK
2110	OK
2111	OK
2112	OK
2113	OK
2114	OK
2115	OK
2116	OK
2117	OK
2118	OK
2119	OK
2120	OK
2121	OK
2122	OK
2123	OK
2124	OK
2125	OK
2126	OK
2127	OK
2128	OK
2129	OK
2130	OK
2131	OK
2132	OK
2133	OK
2134	OK
2135	OK
2136	OK
2137	OK
2138	OK
2139	OK
2140	OK
2141	OK
2142	OK
2143	OK
2144	OK
2145	OK
2146	OK
2147	OK
2148	OK
2149	OK
2150	OK
2151	OK
2152	OK
2153	OK
2154	OK
2155	OK
2156	OK
2157	OK
2158	OK
2159	OK
2160	OK
2161	OK
2162	OK
2163	OK
2164	OK
2165	OK
2166	OK
2167	OK
2168	OK
2169	OK
2170	OK
2171	OK
2172	OK
2173	OK
2174	OK
2175	OK
2176	OK
2177	OK
2178	OK
2179	OK
2180	OK
2181	OK
2182	OK
2183	OK
2184	OK
2185	OK
2186	OK
2187	OK
2188	OK
2189	OK
2190	OK
2191	OK
2192	OK
2193	OK
2194	OK
2195	OK
2196	OK
2197	OK
2198	OK
2199	OK
2200	OK
2201	OK
2202	OK
2203	OK
2204	OK
2205	OK
2206	OK
2207	OK
2208	OK
2209	OK
2210	OK
2211	OK
2212	OK
2213	OK
2214	OK
2215	OK
2216	OK
2217	OK
2218	OK
2219	OK
2220	OK
2221	OK
2222	OK
2223	OK
2224	OK
2225	OK
2226	OK
2227	OK
2228	OK
2229	OK
2230	OK
2231	OK
2232	OK
2233	OK
2234	OK
2235	OK
2236	OK
2237	OK
2238	OK
2239	OK
2240	OK
2241	OK
2242	OK
2243	OK
2244	OK
2245	OK
2246	OK
2247	OK
2248	OK
2249	OK
2250	OK
2251	OK
2252	OK
2253	OK
2254	OK
2255	OK
2256	OK
2257	OK
2258	OK
2259	OK
2260	OK
2261	OK
2262	OK
2263	OK
2264	OK
2265	OK
2266	OK
2267	OK
2268	OK
2269	OK
2270	OK
2271	OK
2272	OK
2273	OK
2274	OK
2275	OK
2276	OK
2277	OK
2278	OK
2279	OK
2280	OK
2281	OK
2282	OK
2283	OK
2284	OK
2285	OK
2286	OK
2287	OK
2288	OK
2289	OK
2290	OK
2291	OK
2292	OK
2293	OK
2294	OK
2295	OK
2296	OK
2297	OK
2298	OK
2299	OK
2300	OK
2301	OK
2302	OK
2303	OK
2304	OK
2305	OK
2306	OK
2307	OK
2308	OK
2309	OK
2310	OK
2311	OK
2312	OK
2313	OK
2314	OK
2315	OK
2316	OK
2317	OK
2318	OK
2319	OK
2320	OK
2321	OK
2322	OK
2323	OK
2324	OK
2325	OK
2326	OK
2327	OK
2328	OK
2329	OK
2330	OK
2331	OK
2332	OK
2333	OK
2334	OK
2335	OK
2336	OK
2337	OK
2338	OK
2339	OK
2340	OK
2341	OK
2342	OK
2343	OK
2344	OK
2345	OK
2346	OK
2347	OK
2348	OK
2349	OK
2350	OK
2351	OK
2352	OK
2353	OK
2354	OK
2355	OK
2356	OK
2357	OK
2358	OK
2359	OK
2360	OK
2361	OK
2362	OK
2363	OK
2364	OK
2365	OK
2366	OK
2367	OK
2368	OK
2369	OK
2370	OK
2371	OK
2372	OK
2373	OK
2374	OK
2375	OK
